<?xml version="1.0" encoding="UTF-8"?>
<!-- Generated by org.testng.reporters.JUnitReportReporter -->
<testsuite skipped="0" hostname="deep" name="Academy.ValidateNavigationBar" tests="1" failures="0" timestamp="31 May 2018 15:20:04 GMT" time="0.152" errors="0">
  <testcase name="validateNavBarBasePage" time="0.152" classname="Academy.ValidateNavigationBar"/>
</testsuite> <!-- Academy.ValidateNavigationBar -->
