<?xml version="1.0" encoding="UTF-8"?>
<!-- Generated by org.testng.reporters.JUnitReportReporter -->
<testsuite skipped="0" hostname="deep" name="Academy.HomePage" tests="1" failures="0" timestamp="31 May 2018 15:20:04 GMT" time="9.752" errors="0">
  <testcase name="basePageNavigation" time="9.752" classname="Academy.HomePage"/>
</testsuite> <!-- Academy.HomePage -->
