<?xml version="1.0" encoding="UTF-8"?>
<!-- Generated by org.testng.reporters.JUnitReportReporter -->
<testsuite skipped="0" hostname="deep" name="Academy.ValidateTitle" tests="1" failures="0" timestamp="31 May 2018 15:20:04 GMT" time="0.010" errors="0">
  <testcase name="validateTitleBasePage" time="0.010" classname="Academy.ValidateTitle"/>
</testsuite> <!-- Academy.ValidateTitle -->
